e:\课后作业\text\text\debug\vc120.pdb
e:\课后作业\text\text\debug\vc120.idb
e:\课后作业\text\text\debug\源.obj
e:\课后作业\text\text\debug\8-10.obj
e:\课后作业\text\text\debug\8-10.1.obj
e:\课后作业\text\debug\text.ilk
e:\课后作业\text\debug\text.exe
e:\课后作业\text\debug\text.pdb
e:\课后作业\8-10\text\debug\8-10.1.obj
e:\课后作业\8-10\text\debug\8-10.obj
e:\课后作业\8-10\text\debug\源.obj
e:\课后作业\8-10\text\debug\vc120.idb
e:\课后作业\8-10\text\debug\vc120.pdb
e:\课后作业\8-10\debug\text.pdb
e:\课后作业\8-10\debug\text.exe
e:\课后作业\8-10\debug\text.ilk
e:\课后作业\8-10\text\debug\text.tlog\cl.command.1.tlog
e:\课后作业\8-10\text\debug\text.tlog\cl.read.1.tlog
e:\课后作业\8-10\text\debug\text.tlog\cl.write.1.tlog
e:\课后作业\8-10\text\debug\text.tlog\link.command.1.tlog
e:\课后作业\8-10\text\debug\text.tlog\link.read.1.tlog
e:\课后作业\8-10\text\debug\text.tlog\link.write.1.tlog
